C:\USERS\TEASE\DOCUMENTS\GITHUB\GPU-TERRAIN-GENERATION\SOURCE\GPUTERRAINGENERATOR\DEBUG\GPUTERRAINGENERATOR.EXE
C:\USERS\TEASE\DOCUMENTS\GITHUB\GPU-TERRAIN-GENERATION\SOURCE\GPUTERRAINGENERATOR\DEBUG\GPUTERRAINGENERATOR.ILK
C:\USERS\TEASE\DOCUMENTS\GITHUB\GPU-TERRAIN-GENERATION\SOURCE\GPUTERRAINGENERATOR\DEBUG\GPUTERRAINGENERATOR.PDB
C:\Users\Tease\Documents\GitHub\GPU-Terrain-Generation\source\GPUTerrainGenerator\GPUTerrainGenerator\Debug\cl.command.1.tlog
C:\Users\Tease\Documents\GitHub\GPU-Terrain-Generation\source\GPUTerrainGenerator\GPUTerrainGenerator\Debug\CL.read.1.tlog
C:\Users\Tease\Documents\GitHub\GPU-Terrain-Generation\source\GPUTerrainGenerator\GPUTerrainGenerator\Debug\CL.write.1.tlog
C:\USERS\TEASE\DOCUMENTS\GITHUB\GPU-TERRAIN-GENERATION\SOURCE\GPUTERRAINGENERATOR\GPUTERRAINGENERATOR\DEBUG\GPUTERRAINGENERATOR.EXE.EMBED.MANIFEST
C:\USERS\TEASE\DOCUMENTS\GITHUB\GPU-TERRAIN-GENERATION\SOURCE\GPUTERRAINGENERATOR\GPUTERRAINGENERATOR\DEBUG\GPUTERRAINGENERATOR.EXE.EMBED.MANIFEST.RES
C:\USERS\TEASE\DOCUMENTS\GITHUB\GPU-TERRAIN-GENERATION\SOURCE\GPUTERRAINGENERATOR\GPUTERRAINGENERATOR\DEBUG\GPUTERRAINGENERATOR.EXE.INTERMEDIATE.MANIFEST
C:\Users\Tease\Documents\GitHub\GPU-Terrain-Generation\source\GPUTerrainGenerator\GPUTerrainGenerator\Debug\GPUTerrainGenerator.write.1.tlog
C:\Users\Tease\Documents\GitHub\GPU-Terrain-Generation\source\GPUTerrainGenerator\GPUTerrainGenerator\Debug\GPUTerrainGenerator_manifest.rc
C:\USERS\TEASE\DOCUMENTS\GITHUB\GPU-TERRAIN-GENERATION\SOURCE\GPUTERRAINGENERATOR\GPUTERRAINGENERATOR\DEBUG\IMAGE_DXT.OBJ
C:\USERS\TEASE\DOCUMENTS\GITHUB\GPU-TERRAIN-GENERATION\SOURCE\GPUTERRAINGENERATOR\GPUTERRAINGENERATOR\DEBUG\IMAGE_HELPER.OBJ
C:\Users\Tease\Documents\GitHub\GPU-Terrain-Generation\source\GPUTerrainGenerator\GPUTerrainGenerator\Debug\link.7528.read.1.tlog
C:\Users\Tease\Documents\GitHub\GPU-Terrain-Generation\source\GPUTerrainGenerator\GPUTerrainGenerator\Debug\link.7528.write.1.tlog
C:\Users\Tease\Documents\GitHub\GPU-Terrain-Generation\source\GPUTerrainGenerator\GPUTerrainGenerator\Debug\link.7528-cvtres.read.1.tlog
C:\Users\Tease\Documents\GitHub\GPU-Terrain-Generation\source\GPUTerrainGenerator\GPUTerrainGenerator\Debug\link.7528-cvtres.write.1.tlog
C:\Users\Tease\Documents\GitHub\GPU-Terrain-Generation\source\GPUTerrainGenerator\GPUTerrainGenerator\Debug\link.command.1.tlog
C:\Users\Tease\Documents\GitHub\GPU-Terrain-Generation\source\GPUTerrainGenerator\GPUTerrainGenerator\Debug\link.read.1.tlog
C:\Users\Tease\Documents\GitHub\GPU-Terrain-Generation\source\GPUTerrainGenerator\GPUTerrainGenerator\Debug\link.write.1.tlog
C:\Users\Tease\Documents\GitHub\GPU-Terrain-Generation\source\GPUTerrainGenerator\GPUTerrainGenerator\Debug\link-cvtres.read.1.tlog
C:\Users\Tease\Documents\GitHub\GPU-Terrain-Generation\source\GPUTerrainGenerator\GPUTerrainGenerator\Debug\link-cvtres.write.1.tlog
C:\USERS\TEASE\DOCUMENTS\GITHUB\GPU-TERRAIN-GENERATION\SOURCE\GPUTERRAINGENERATOR\GPUTERRAINGENERATOR\DEBUG\MAIN.OBJ
C:\Users\Tease\Documents\GitHub\GPU-Terrain-Generation\source\GPUTerrainGenerator\GPUTerrainGenerator\Debug\mt.command.1.tlog
C:\Users\Tease\Documents\GitHub\GPU-Terrain-Generation\source\GPUTerrainGenerator\GPUTerrainGenerator\Debug\mt.read.1.tlog
C:\Users\Tease\Documents\GitHub\GPU-Terrain-Generation\source\GPUTerrainGenerator\GPUTerrainGenerator\Debug\mt.write.1.tlog
C:\Users\Tease\Documents\GitHub\GPU-Terrain-Generation\source\GPUTerrainGenerator\GPUTerrainGenerator\Debug\rc.command.1.tlog
C:\Users\Tease\Documents\GitHub\GPU-Terrain-Generation\source\GPUTerrainGenerator\GPUTerrainGenerator\Debug\rc.read.1.tlog
C:\Users\Tease\Documents\GitHub\GPU-Terrain-Generation\source\GPUTerrainGenerator\GPUTerrainGenerator\Debug\rc.write.1.tlog
C:\USERS\TEASE\DOCUMENTS\GITHUB\GPU-TERRAIN-GENERATION\SOURCE\GPUTERRAINGENERATOR\GPUTERRAINGENERATOR\DEBUG\SOIL.OBJ
C:\USERS\TEASE\DOCUMENTS\GITHUB\GPU-TERRAIN-GENERATION\SOURCE\GPUTERRAINGENERATOR\GPUTERRAINGENERATOR\DEBUG\STB_IMAGE_AUG.OBJ
C:\USERS\TEASE\DOCUMENTS\GITHUB\GPU-TERRAIN-GENERATION\SOURCE\GPUTERRAINGENERATOR\GPUTERRAINGENERATOR\DEBUG\UTILITY.OBJ
C:\Users\Tease\Documents\GitHub\GPU-Terrain-Generation\source\GPUTerrainGenerator\GPUTerrainGenerator\Debug\vc100.idb
C:\USERS\TEASE\DOCUMENTS\GITHUB\GPU-TERRAIN-GENERATION\SOURCE\GPUTERRAINGENERATOR\GPUTERRAINGENERATOR\DEBUG\VC100.PDB
